<?xml version="1.0" encoding="UTF-8"?>
<!-- Generated by org.testng.reporters.JUnitReportReporter -->
<testsuite skipped="0" hostname="Rehan-PC" name="com.medflow.tests.VerifySearchFilePage" tests="1" failures="0" timestamp="2023-03-07T16:10:17 PKT" time="8.911" errors="0">
  <testcase name="verifySearchFilePage_Test1" time="8.911" classname="com.medflow.tests.VerifySearchFilePage"/>
  <system-out/>
</testsuite> <!-- com.medflow.tests.VerifySearchFilePage -->
